[Mon Oct 22 22:40:03 2012] [info] Hypnotoad server 3816 started for "/home/roger/openshare/script/openshare".
[Mon Oct 22 22:40:03 2012] [info] Listening at "http://*:8080".
[Mon Oct 22 22:40:03 2012] [info] Creating process id file "/home/roger/openshare/script/hypnotoad.pid".
[Mon Oct 22 23:08:13 2012] [info] Hypnotoad server 4308 started for "/home/roger/openshare/openshare".
[Mon Oct 22 23:09:17 2012] [info] Hypnotoad server 4348 started for "/home/roger/openshare/openshare".
[Mon Oct 22 23:09:17 2012] [info] Listening at "http://*:8080".
[Mon Oct 22 23:09:17 2012] [info] Creating process id file "/home/roger/openshare/hypnotoad.pid".
[Tue Oct 23 20:36:23 2012] [info] Hypnotoad server 2839 started for "/home/roger/openshare/openshare".
[Tue Oct 23 20:36:23 2012] [info] Listening at "http://*:8080".
[Tue Oct 23 20:36:23 2012] [info] Creating process id file "/home/roger/openshare/hypnotoad.pid".
[Tue Oct 23 20:38:33 2012] [info] Hypnotoad server 3147 started for "/home/roger/openshare/openshare".
[Tue Oct 23 20:38:33 2012] [info] Listening at "http://*:8080".
[Tue Oct 23 20:38:33 2012] [info] Creating process id file "/home/roger/openshare/hypnotoad.pid".
[Mon Oct 29 10:40:17 2012] [info] Hypnotoad server 3504 started for "/home/roger/mojo_web/openshare/openshare".
[Mon Oct 29 10:40:17 2012] [info] Listening at "http://*:8080".
[Mon Oct 29 10:48:48 2012] [info] Hypnotoad server 3546 started for "/home/roger/mojo_web/openshare/openshare".
[Mon Oct 29 12:17:30 2012] [info] Hypnotoad server 4307 started for "/home/roger/mojo_web/openshare/openshare".
[Mon Oct 29 12:17:30 2012] [info] Listening at "http://*:8080".
[Mon Oct 29 12:17:30 2012] [info] Creating process id file "/home/roger/mojo_web/openshare/hypnotoad.pid".
[Mon Oct 29 13:10:37 2012] [info] Hypnotoad server 2506 started for "/home/roger/mojo_web/openshare/openshare".
[Mon Oct 29 13:10:37 2012] [info] Listening at "http://*:8080".
[Mon Oct 29 13:10:37 2012] [info] Creating process id file "/home/roger/mojo_web/openshare/hypnotoad.pid".
[Mon Oct 29 13:11:40 2012] [info] Hypnotoad server 2517 started for "/home/roger/mojo_web/openshare/openshare".
[Mon Oct 29 13:11:40 2012] [info] Listening at "http://*:8080".
[Mon Oct 29 13:11:40 2012] [info] Creating process id file "/home/roger/mojo_web/openshare/hypnotoad.pid".
